2025-12-04 08:36:00,910 INFO  o.h.validator.internal.util.Version - HV000001: Hibernate Validator 8.0.3.Final
2025-12-04 08:36:00,970 INFO  o.l.A.AppStarterToDoListApplicationKt - Starting AppStarterToDoListApplicationKt using Java 21.0.9 with PID 5304 (/home/nono/Bureau/ProjetWebKotlin/Starter-ToDoList-LOGS/build/classes/kotlin/main started by nono in /home/nono/Bureau/ProjetWebKotlin/Starter-ToDoList-LOGS)
2025-12-04 08:36:00,971 INFO  o.l.A.AppStarterToDoListApplicationKt - No active profile set, falling back to 1 default profile: "default"
2025-12-04 08:36:01,026 INFO  o.s.b.d.e.DevToolsPropertyDefaultsPostProcessor - Devtools property defaults active! Set 'spring.devtools.add-properties' to 'false' to disable
2025-12-04 08:36:01,027 INFO  o.s.b.d.e.DevToolsPropertyDefaultsPostProcessor - For additional web related logging consider setting the 'logging.level.web' property to 'DEBUG'
2025-12-04 08:36:01,898 INFO  o.s.d.r.c.RepositoryConfigurationDelegate - Bootstrapping Spring Data JPA repositories in DEFAULT mode.
2025-12-04 08:36:01,958 INFO  o.s.d.r.c.RepositoryConfigurationDelegate - Finished Spring Data repository scanning in 49 ms. Found 3 JPA repository interfaces.
2025-12-04 08:36:02,572 INFO  o.s.b.w.e.tomcat.TomcatWebServer - Tomcat initialized with port 8080 (http)
2025-12-04 08:36:02,584 INFO  o.a.coyote.http11.Http11NioProtocol - Initializing ProtocolHandler ["http-nio-8080"]
2025-12-04 08:36:02,586 INFO  o.a.catalina.core.StandardService - Starting service [Tomcat]
2025-12-04 08:36:02,586 INFO  o.a.catalina.core.StandardEngine - Starting Servlet engine: [Apache Tomcat/10.1.49]
2025-12-04 08:36:02,630 INFO  o.a.c.c.C.[Tomcat].[localhost].[/] - Initializing Spring embedded WebApplicationContext
2025-12-04 08:36:02,630 INFO  o.s.b.w.s.c.ServletWebServerApplicationContext - Root WebApplicationContext: initialization completed in 1603 ms
2025-12-04 08:36:02,796 INFO  o.h.jpa.internal.util.LogHelper - HHH000204: Processing PersistenceUnitInfo [name: default]
2025-12-04 08:36:02,867 INFO  org.hibernate.Version - HHH000412: Hibernate ORM core version 6.6.36.Final
2025-12-04 08:36:02,913 INFO  o.h.c.i.RegionFactoryInitiator - HHH000026: Second-level cache disabled
2025-12-04 08:36:03,259 INFO  o.s.o.j.p.SpringPersistenceUnitInfo - No LoadTimeWeaver setup: ignoring JPA class transformer
2025-12-04 08:36:03,298 INFO  com.zaxxer.hikari.HikariDataSource - HikariPool-1 - Starting...
2025-12-04 08:36:03,520 INFO  com.zaxxer.hikari.pool.HikariPool - HikariPool-1 - Added connection conn0: url=jdbc:h2:mem:todolistdb user=SA
2025-12-04 08:36:03,522 INFO  com.zaxxer.hikari.HikariDataSource - HikariPool-1 - Start completed.
2025-12-04 08:36:03,567 WARN  org.hibernate.orm.deprecation - HHH90000025: H2Dialect does not need to be specified explicitly using 'hibernate.dialect' (remove the property setting and it will be selected by default)
2025-12-04 08:36:03,595 INFO  o.hibernate.orm.connections.pooling - HHH10001005: Database info:
	Database JDBC URL [Connecting through datasource 'HikariDataSource (HikariPool-1)']
	Database driver: undefined/unknown
	Database version: 2.3.232
	Autocommit mode: undefined/unknown
	Isolation level: undefined/unknown
	Minimum pool size: undefined/unknown
	Maximum pool size: undefined/unknown
2025-12-04 08:36:04,601 INFO  o.h.e.t.j.p.i.JtaPlatformInitiator - HHH000489: No JTA platform available (set 'hibernate.transaction.jta.platform' to enable JTA platform integration)
2025-12-04 08:36:04,664 INFO  o.s.o.j.LocalContainerEntityManagerFactoryBean - Initialized JPA EntityManagerFactory for persistence unit 'default'
2025-12-04 08:36:05,322 WARN  o.s.b.a.o.j.JpaBaseConfiguration$JpaWebConfiguration - spring.jpa.open-in-view is enabled by default. Therefore, database queries may be performed during view rendering. Explicitly configure spring.jpa.open-in-view to disable this warning
2025-12-04 08:36:05,504 INFO  o.s.s.c.a.a.c.InitializeAuthenticationProviderBeanManagerConfigurer$InitializeAuthenticationProviderManagerConfigurer - Global AuthenticationManager configured with AuthenticationProvider bean with name authenticationProvider
2025-12-04 08:36:05,505 WARN  o.s.s.c.a.a.c.InitializeUserDetailsBeanManagerConfigurer$InitializeUserDetailsManagerConfigurer - Global AuthenticationManager configured with an AuthenticationProvider bean. UserDetailsService beans will not be used by Spring Security for automatically configuring username/password login. Consider removing the AuthenticationProvider bean. Alternatively, consider using the UserDetailsService in a manually instantiated DaoAuthenticationProvider. If the current configuration is intentional, to turn off this warning, increase the logging level of 'org.springframework.security.config.annotation.authentication.configuration.InitializeUserDetailsBeanManagerConfigurer' to ERROR
2025-12-04 08:36:05,776 INFO  o.s.b.a.h.H2ConsoleAutoConfiguration - H2 console available at '/h2-console'. Database available at 'jdbc:h2:mem:todolistdb'
2025-12-04 08:36:05,844 INFO  o.s.b.d.a.OptionalLiveReloadServer - LiveReload server is running on port 35729
2025-12-04 08:36:05,867 INFO  o.a.coyote.http11.Http11NioProtocol - Starting ProtocolHandler ["http-nio-8080"]
2025-12-04 08:36:05,878 INFO  o.s.b.w.e.tomcat.TomcatWebServer - Tomcat started on port 8080 (http) with context path '/'
2025-12-04 08:36:05,887 INFO  o.l.A.AppStarterToDoListApplicationKt - Started AppStarterToDoListApplicationKt in 5.456 seconds (process running for 6.395)
2025-12-04 08:36:07,904 INFO  o.a.c.c.C.[Tomcat].[localhost].[/] - Initializing Spring DispatcherServlet 'dispatcherServlet'
2025-12-04 08:36:07,904 INFO  o.s.web.servlet.DispatcherServlet - Initializing Servlet 'dispatcherServlet'
2025-12-04 08:36:07,905 INFO  o.s.web.servlet.DispatcherServlet - Completed initialization in 1 ms
2025-12-04 08:36:14,919 INFO  o.l.A.controller.TaskController - Affichage de la liste des tâches pour l'utilisateur admin
2025-12-04 08:36:29,564 INFO  o.l.A.controller.TaskController - Création d'une tâche pour admin : zedazedaz
2025-12-04 08:36:29,579 INFO  o.l.A.controller.TaskController - Affichage de la liste des tâches pour l'utilisateur admin
2025-12-04 08:36:37,525 INFO  o.l.A.controller.TaskController - Mise à jour de la tâche 1 par l'utilisateur admin
2025-12-04 08:36:37,540 INFO  o.l.A.controller.TaskController - Affichage de la liste des tâches pour l'utilisateur admin
2025-12-04 08:39:03,554 INFO  o.s.b.w.e.tomcat.GracefulShutdown - Commencing graceful shutdown. Waiting for active requests to complete
2025-12-04 08:39:03,557 INFO  o.s.b.w.e.tomcat.GracefulShutdown - Graceful shutdown complete
2025-12-04 08:39:03,564 INFO  o.s.o.j.LocalContainerEntityManagerFactoryBean - Closing JPA EntityManagerFactory for persistence unit 'default'
2025-12-04 08:39:03,585 WARN  o.s.b.f.s.DisposableBeanAdapter - Invocation of destroy method failed on bean with name 'inMemoryDatabaseShutdownExecutor': org.h2.jdbc.JdbcSQLNonTransientConnectionException: La base de données est déjà fermée (pour désactiver la fermeture automatique à l'arrêt de la VM, ajoutez "; DB_CLOSE_ON_EXIT = FALSE" à l'URL db)
Database is already closed (to disable automatic closing at VM shutdown, add ";DB_CLOSE_ON_EXIT=FALSE" to the db URL) [90121-232]
2025-12-04 08:39:03,585 INFO  com.zaxxer.hikari.HikariDataSource - HikariPool-1 - Shutdown initiated...
2025-12-04 08:39:03,588 INFO  com.zaxxer.hikari.HikariDataSource - HikariPool-1 - Shutdown completed.
